<?xml version="1.0" encoding="UTF-8"?>
<!-- Generated by org.testng.reporters.JUnitXMLReporter -->
<testsuite ignored="6" hostname="RameshCh" failures="0" tests="3" name="OpencartTest(failed)" time="33.742" errors="0" timestamp="2023-02-07T18:31:56 MST">
  <testcase classname="com.qa.opencart.testcase.MyAccountPageTest" name="productSearchTest" time="2.857"/>
  <testcase classname="com.qa.opencart.testcase.MyAccountPageTest" name="productSearchTest" time="2.74"/>
  <testcase classname="com.qa.opencart.testcase.MyAccountPageTest" name="productSearchTest" time="2.744"/>
  <testcase classname="com.qa.opencart.testcase.MyAccountPageTest" name="accountPageTitleTest" time="0.0">
    <ignored/>
  </testcase> <!-- accountPageTitleTest -->
  <testcase classname="com.qa.opencart.testcase.MyAccountPageTest" name="accountPageLogoutExistTest" time="0.0">
    <ignored/>
  </testcase> <!-- accountPageLogoutExistTest -->
  <testcase classname="com.qa.opencart.testcase.MyAccountPageTest" name="myAccountMenuOptionTest" time="0.0">
    <ignored/>
  </testcase> <!-- myAccountMenuOptionTest -->
  <testcase classname="com.qa.opencart.testcase.MyAccountPageTest" name="myAccountHeaderTest" time="0.0">
    <ignored/>
  </testcase> <!-- myAccountHeaderTest -->
  <testcase classname="com.qa.opencart.testcase.MyAccountPageTest" name="accountPageUrlTest" time="0.0">
    <ignored/>
  </testcase> <!-- accountPageUrlTest -->
  <testcase classname="com.qa.opencart.testcase.MyAccountPageTest" name="accountPageSearchExistTest" time="0.0">
    <ignored/>
  </testcase> <!-- accountPageSearchExistTest -->
</testsuite> <!-- OpencartTest(failed) -->
