<?xml version="1.0" encoding="UTF-8"?>
<!-- Generated by org.testng.reporters.JUnitXMLReporter -->
<testsuite ignored="0" hostname="RameshCh" failures="0" tests="37" name="OpencartTest" time="365.911" errors="0" timestamp="2023-02-09T17:43:32 MST">
  <testcase classname="com.qa.opencart.testcase.HomePageTest" name="verifyOpenCartLogoTest" time="0.066"/>
  <testcase classname="com.qa.opencart.testcase.HomePageTest" name="verifyOpenCartTitleTest" time="0.006"/>
  <testcase classname="com.qa.opencart.testcase.HomePageTest" name="navigateRegistrationPageTest" time="5.24"/>
  <testcase classname="com.qa.opencart.testcase.HomePageTest" name="navigateToLoginPageTest" time="5.096"/>
  <testcase classname="com.qa.opencart.testcase.RegistrationTest" name="registrationDataDrivenTest" time="41.322"/>
  <testcase classname="com.qa.opencart.testcase.RegistrationTest" name="registrationDataDrivenTest" time="40.587"/>
  <testcase classname="com.qa.opencart.testcase.RegistrationTest" name="registrationDataDrivenTest" time="40.558"/>
  <testcase classname="com.qa.opencart.testcase.RegistrationTest" name="registrationTest" time="40.488"/>
  <testcase classname="com.qa.opencart.testcase.LoginPageTest" name="verifyLoginPageTitleTest" time="0.019"/>
  <testcase classname="com.qa.opencart.testcase.LoginPageTest" name="loginPageUrlTest" time="0.01"/>
  <testcase classname="com.qa.opencart.testcase.LoginPageTest" name="isRegisterAccntTextExistTest" time="0.04"/>
  <testcase classname="com.qa.opencart.testcase.LoginPageTest" name="isNewCustomerHeaderExistTest" time="0.043"/>
  <testcase classname="com.qa.opencart.testcase.LoginPageTest" name="isNewCustomerContinueBtnAvailableExistTest" time="0.029"/>
  <testcase classname="com.qa.opencart.testcase.LoginPageTest" name="isReturningCustomerHeaderExistTest" time="0.03"/>
  <testcase classname="com.qa.opencart.testcase.LoginPageTest" name="goToForgotPasswordTest" time="3.319"/>
  <testcase classname="com.qa.opencart.testcase.LoginPageTest" name="goToRegistrationPageTest" time="3.047"/>
  <testcase classname="com.qa.opencart.testcase.LoginPageTest" name="loginTest" time="7.123"/>
  <testcase classname="com.qa.opencart.testcase.MyAccountPageTest" name="accountPageTitleTest" time="0.017"/>
  <testcase classname="com.qa.opencart.testcase.MyAccountPageTest" name="accountPageUrlTest" time="0.015"/>
  <testcase classname="com.qa.opencart.testcase.MyAccountPageTest" name="accountPageSearchExistTest" time="0.035"/>
  <testcase classname="com.qa.opencart.testcase.MyAccountPageTest" name="accountPageLogoutExistTest" time="2.172"/>
  <testcase classname="com.qa.opencart.testcase.MyAccountPageTest" name="myAccountMenuOptionTest" time="0.094"/>
  <testcase classname="com.qa.opencart.testcase.MyAccountPageTest" name="myAccountHeaderTest" time="0.056"/>
  <testcase classname="com.qa.opencart.testcase.MyAccountPageTest" name="productSearchTest" time="2.783"/>
  <testcase classname="com.qa.opencart.testcase.MyAccountPageTest" name="productSearchTest" time="2.731"/>
  <testcase classname="com.qa.opencart.testcase.MyAccountPageTest" name="productSearchTest" time="2.796"/>
  <testcase classname="com.qa.opencart.testcase.ProductDetailsPageTest" name="productHeaderTest" time="4.497"/>
  <testcase classname="com.qa.opencart.testcase.ProductDetailsPageTest" name="productHeaderTest" time="3.46"/>
  <testcase classname="com.qa.opencart.testcase.ProductDetailsPageTest" name="productHeaderTest" time="3.553"/>
  <testcase classname="com.qa.opencart.testcase.ProductDetailsPageTest" name="productHeaderTest" time="3.465"/>
  <testcase classname="com.qa.opencart.testcase.ProductDetailsPageTest" name="productHeaderTest" time="3.572"/>
  <testcase classname="com.qa.opencart.testcase.ProductDetailsPageTest" name="productImagesTest" time="3.297"/>
  <testcase classname="com.qa.opencart.testcase.ProductDetailsPageTest" name="productImagesTest" time="3.241"/>
  <testcase classname="com.qa.opencart.testcase.ProductDetailsPageTest" name="productImagesTest" time="3.256"/>
  <testcase classname="com.qa.opencart.testcase.ProductDetailsPageTest" name="productImagesTest" time="3.223"/>
  <testcase classname="com.qa.opencart.testcase.ProductDetailsPageTest" name="productImagesTest" time="3.233"/>
  <testcase classname="com.qa.opencart.testcase.ProductDetailsPageTest" name="productMetaDataTest" time="3.537"/>
</testsuite> <!-- OpencartTest -->
