<?xml version="1.0" encoding="UTF-8"?>
<!-- Generated by org.testng.reporters.JUnitXMLReporter -->
<testsuite ignored="0" hostname="RameshCh" failures="0" tests="26" name="OpencartTest" time="337.42" errors="0" timestamp="2023-02-10T18:14:41 MST">
  <testcase classname="com.qa.opencart.testcase.HomePageTest" name="verifyOpenCartLogoTest" time="0.116"/>
  <testcase classname="com.qa.opencart.testcase.HomePageTest" name="verifyOpenCartTitleTest" time="0.011"/>
  <testcase classname="com.qa.opencart.testcase.HomePageTest" name="navigateRegistrationPageTest" time="5.421"/>
  <testcase classname="com.qa.opencart.testcase.HomePageTest" name="navigateToLoginPageTest" time="5.285"/>
  <testcase classname="com.qa.opencart.testcase.RegistrationTest" name="registrationDataDrivenTest" time="42.624"/>
  <testcase classname="com.qa.opencart.testcase.RegistrationTest" name="registrationDataDrivenTest" time="42.813"/>
  <testcase classname="com.qa.opencart.testcase.RegistrationTest" name="registrationDataDrivenTest" time="42.618"/>
  <testcase classname="com.qa.opencart.testcase.RegistrationTest" name="registrationTest" time="42.815"/>
  <testcase classname="com.qa.opencart.testcase.LoginPageTest" name="verifyLoginPageTitleTest" time="0.009"/>
  <testcase classname="com.qa.opencart.testcase.LoginPageTest" name="loginPageUrlTest" time="0.016"/>
  <testcase classname="com.qa.opencart.testcase.LoginPageTest" name="isRegisterAccntTextExistTest" time="0.055"/>
  <testcase classname="com.qa.opencart.testcase.LoginPageTest" name="isNewCustomerHeaderExistTest" time="0.061"/>
  <testcase classname="com.qa.opencart.testcase.LoginPageTest" name="isNewCustomerContinueBtnAvailableExistTest" time="0.058"/>
  <testcase classname="com.qa.opencart.testcase.LoginPageTest" name="isReturningCustomerHeaderExistTest" time="0.066"/>
  <testcase classname="com.qa.opencart.testcase.LoginPageTest" name="goToForgotPasswordTest" time="2.971"/>
  <testcase classname="com.qa.opencart.testcase.LoginPageTest" name="goToRegistrationPageTest" time="3.267"/>
  <testcase classname="com.qa.opencart.testcase.LoginPageTest" name="loginTest" time="7.322"/>
  <testcase classname="com.qa.opencart.testcase.MyAccountPageTest" name="accountPageTitleTest" time="0.016"/>
  <testcase classname="com.qa.opencart.testcase.MyAccountPageTest" name="accountPageUrlTest" time="0.012"/>
  <testcase classname="com.qa.opencart.testcase.MyAccountPageTest" name="accountPageSearchExistTest" time="0.074"/>
  <testcase classname="com.qa.opencart.testcase.MyAccountPageTest" name="accountPageLogoutExistTest" time="2.346"/>
  <testcase classname="com.qa.opencart.testcase.MyAccountPageTest" name="myAccountMenuOptionTest" time="0.227"/>
  <testcase classname="com.qa.opencart.testcase.MyAccountPageTest" name="myAccountHeaderTest" time="0.12"/>
  <testcase classname="com.qa.opencart.testcase.MyAccountPageTest" name="productSearchTest" time="2.974"/>
  <testcase classname="com.qa.opencart.testcase.MyAccountPageTest" name="productSearchTest" time="2.915"/>
  <testcase classname="com.qa.opencart.testcase.MyAccountPageTest" name="productSearchTest" time="3.002"/>
</testsuite> <!-- OpencartTest -->
