<?xml version="1.0" encoding="UTF-8"?>
<testsuite xmlns:xsi="http://www.w3.org/2001/XMLSchema-instance" xsi:schemaLocation="https://maven.apache.org/surefire/maven-surefire-plugin/xsd/surefire-test-report.xsd" name="TestSuite" time="379.504" tests="37" errors="0" skipped="0" failures="0">
  <properties>
[...]
</properties>
  <testcase name="verifyOpenCartLogoTest" classname="com.qa.opencart.testcase.HomePageTest" time="0.415"/>
  <testcase name="verifyOpenCartTitleTest" classname="com.qa.opencart.testcase.HomePageTest" time="0.31"/>
  <testcase name="navigateRegistrationPageTest" classname="com.qa.opencart.testcase.HomePageTest" time="6.408"/>
  <testcase name="navigateToLoginPageTest" classname="com.qa.opencart.testcase.HomePageTest" time="5.479"/>
  <testcase name="registrationDataDrivenTest" classname="com.qa.opencart.testcase.RegistrationTest" time="41.417"/>
  <testcase name="registrationDataDrivenTest" classname="com.qa.opencart.testcase.RegistrationTest" time="40.969"/>
  <testcase name="registrationDataDrivenTest" classname="com.qa.opencart.testcase.RegistrationTest" time="41.486"/>
  <testcase name="registrationTest" classname="com.qa.opencart.testcase.RegistrationTest" time="41.677"/>
  <testcase name="verifyLoginPageTitleTest" classname="com.qa.opencart.testcase.LoginPageTest" time="0.254"/>
  <testcase name="loginPageUrlTest" classname="com.qa.opencart.testcase.LoginPageTest" time="0.198"/>
  <testcase name="isRegisterAccntTextExistTest" classname="com.qa.opencart.testcase.LoginPageTest" time="0.275"/>
  <testcase name="isNewCustomerHeaderExistTest" classname="com.qa.opencart.testcase.LoginPageTest" time="0.223"/>
  <testcase name="isNewCustomerContinueBtnAvailableExistTest" classname="com.qa.opencart.testcase.LoginPageTest" time="0.24"/>
  <testcase name="isReturningCustomerHeaderExistTest" classname="com.qa.opencart.testcase.LoginPageTest" time="0.226"/>
  <testcase name="goToForgotPasswordTest" classname="com.qa.opencart.testcase.LoginPageTest" time="2.981"/>
  <testcase name="goToRegistrationPageTest" classname="com.qa.opencart.testcase.LoginPageTest" time="3.181"/>
  <testcase name="loginTest" classname="com.qa.opencart.testcase.LoginPageTest" time="7.351"/>
  <testcase name="accountPageTitleTest" classname="com.qa.opencart.testcase.MyAccountPageTest" time="0.217"/>
  <testcase name="accountPageUrlTest" classname="com.qa.opencart.testcase.MyAccountPageTest" time="0.141"/>
  <testcase name="accountPageSearchExistTest" classname="com.qa.opencart.testcase.MyAccountPageTest" time="0.177"/>
  <testcase name="accountPageLogoutExistTest" classname="com.qa.opencart.testcase.MyAccountPageTest" time="2.307"/>
  <testcase name="myAccountMenuOptionTest" classname="com.qa.opencart.testcase.MyAccountPageTest" time="0.236"/>
  <testcase name="myAccountHeaderTest" classname="com.qa.opencart.testcase.MyAccountPageTest" time="0.205"/>
  <testcase name="productSearchTest" classname="com.qa.opencart.testcase.MyAccountPageTest" time="3.005"/>
  <testcase name="productSearchTest" classname="com.qa.opencart.testcase.MyAccountPageTest" time="2.93"/>
  <testcase name="productSearchTest" classname="com.qa.opencart.testcase.MyAccountPageTest" time="3.003"/>
  <testcase name="productHeaderTest" classname="com.qa.opencart.testcase.ProductDetailsPageTest" time="4.333"/>
  <testcase name="productHeaderTest" classname="com.qa.opencart.testcase.ProductDetailsPageTest" time="3.556"/>
  <testcase name="productHeaderTest" classname="com.qa.opencart.testcase.ProductDetailsPageTest" time="3.624"/>
  <testcase name="productHeaderTest" classname="com.qa.opencart.testcase.ProductDetailsPageTest" time="3.606"/>
  <testcase name="productHeaderTest" classname="com.qa.opencart.testcase.ProductDetailsPageTest" time="3.721"/>
  <testcase name="productImagesTest" classname="com.qa.opencart.testcase.ProductDetailsPageTest" time="3.549"/>
  <testcase name="productImagesTest" classname="com.qa.opencart.testcase.ProductDetailsPageTest" time="3.503"/>
  <testcase name="productImagesTest" classname="com.qa.opencart.testcase.ProductDetailsPageTest" time="3.436"/>
  <testcase name="productImagesTest" classname="com.qa.opencart.testcase.ProductDetailsPageTest" time="3.472"/>
  <testcase name="productImagesTest" classname="com.qa.opencart.testcase.ProductDetailsPageTest" time="3.611"/>
  <testcase name="productMetaDataTest" classname="com.qa.opencart.testcase.ProductDetailsPageTest" time="3.675"/>
</testsuite>