<?xml version="1.0" encoding="UTF-8"?>
<testsuite xmlns:xsi="http://www.w3.org/2001/XMLSchema-instance" xsi:schemaLocation="https://maven.apache.org/surefire/maven-surefire-plugin/xsd/surefire-test-report.xsd" name="TestSuite" time="368.492" tests="37" errors="0" skipped="0" failures="0">
  <properties>
[...]
</properties>
  <testcase name="verifyOpenCartLogoTest" classname="com.qa.opencart.testcase.HomePageTest" time="0.325"/>
  <testcase name="verifyOpenCartTitleTest" classname="com.qa.opencart.testcase.HomePageTest" time="0.243"/>
  <testcase name="navigateRegistrationPageTest" classname="com.qa.opencart.testcase.HomePageTest" time="5.584"/>
  <testcase name="navigateToLoginPageTest" classname="com.qa.opencart.testcase.HomePageTest" time="5.473"/>
  <testcase name="registrationDataDrivenTest" classname="com.qa.opencart.testcase.RegistrationTest" time="41.497"/>
  <testcase name="registrationDataDrivenTest" classname="com.qa.opencart.testcase.RegistrationTest" time="40.771"/>
  <testcase name="registrationDataDrivenTest" classname="com.qa.opencart.testcase.RegistrationTest" time="40.718"/>
  <testcase name="registrationTest" classname="com.qa.opencart.testcase.RegistrationTest" time="40.682"/>
  <testcase name="verifyLoginPageTitleTest" classname="com.qa.opencart.testcase.LoginPageTest" time="0.183"/>
  <testcase name="loginPageUrlTest" classname="com.qa.opencart.testcase.LoginPageTest" time="0.145"/>
  <testcase name="isRegisterAccntTextExistTest" classname="com.qa.opencart.testcase.LoginPageTest" time="0.18"/>
  <testcase name="isNewCustomerHeaderExistTest" classname="com.qa.opencart.testcase.LoginPageTest" time="0.17"/>
  <testcase name="isNewCustomerContinueBtnAvailableExistTest" classname="com.qa.opencart.testcase.LoginPageTest" time="0.162"/>
  <testcase name="isReturningCustomerHeaderExistTest" classname="com.qa.opencart.testcase.LoginPageTest" time="0.151"/>
  <testcase name="goToForgotPasswordTest" classname="com.qa.opencart.testcase.LoginPageTest" time="3.493"/>
  <testcase name="goToRegistrationPageTest" classname="com.qa.opencart.testcase.LoginPageTest" time="3.23"/>
  <testcase name="loginTest" classname="com.qa.opencart.testcase.LoginPageTest" time="7.297"/>
  <testcase name="accountPageTitleTest" classname="com.qa.opencart.testcase.MyAccountPageTest" time="0.193"/>
  <testcase name="accountPageUrlTest" classname="com.qa.opencart.testcase.MyAccountPageTest" time="0.153"/>
  <testcase name="accountPageSearchExistTest" classname="com.qa.opencart.testcase.MyAccountPageTest" time="0.151"/>
  <testcase name="accountPageLogoutExistTest" classname="com.qa.opencart.testcase.MyAccountPageTest" time="2.315"/>
  <testcase name="myAccountMenuOptionTest" classname="com.qa.opencart.testcase.MyAccountPageTest" time="0.242"/>
  <testcase name="myAccountHeaderTest" classname="com.qa.opencart.testcase.MyAccountPageTest" time="0.192"/>
  <testcase name="productSearchTest" classname="com.qa.opencart.testcase.MyAccountPageTest" time="2.988"/>
  <testcase name="productSearchTest" classname="com.qa.opencart.testcase.MyAccountPageTest" time="2.897"/>
  <testcase name="productSearchTest" classname="com.qa.opencart.testcase.MyAccountPageTest" time="2.979"/>
  <testcase name="productHeaderTest" classname="com.qa.opencart.testcase.ProductDetailsPageTest" time="4.677"/>
  <testcase name="productHeaderTest" classname="com.qa.opencart.testcase.ProductDetailsPageTest" time="3.629"/>
  <testcase name="productHeaderTest" classname="com.qa.opencart.testcase.ProductDetailsPageTest" time="3.72"/>
  <testcase name="productHeaderTest" classname="com.qa.opencart.testcase.ProductDetailsPageTest" time="3.656"/>
  <testcase name="productHeaderTest" classname="com.qa.opencart.testcase.ProductDetailsPageTest" time="3.773"/>
  <testcase name="productImagesTest" classname="com.qa.opencart.testcase.ProductDetailsPageTest" time="3.483"/>
  <testcase name="productImagesTest" classname="com.qa.opencart.testcase.ProductDetailsPageTest" time="3.421"/>
  <testcase name="productImagesTest" classname="com.qa.opencart.testcase.ProductDetailsPageTest" time="3.433"/>
  <testcase name="productImagesTest" classname="com.qa.opencart.testcase.ProductDetailsPageTest" time="3.416"/>
  <testcase name="productImagesTest" classname="com.qa.opencart.testcase.ProductDetailsPageTest" time="3.457"/>
  <testcase name="productMetaDataTest" classname="com.qa.opencart.testcase.ProductDetailsPageTest" time="3.734"/>
</testsuite>