<?xml version="1.0" encoding="UTF-8"?>
<testng-results ignored="0" total="37" passed="37" failed="0" skipped="0">
  <reporter-output>
  </reporter-output>
  <suite started-at="2023-02-09T17:37:26 MST" name="OpencartSuite" finished-at="2023-02-09T17:43:32 MST" duration-ms="365911">
    <groups>
    </groups>
    <test started-at="2023-02-09T17:37:26 MST" name="OpencartTest" finished-at="2023-02-09T17:43:32 MST" duration-ms="365911">
      <class name="com.qa.opencart.testcase.HomePageTest">
        <test-method is-config="true" signature="commonSetUp(java.lang.String)[pri:0, instance:com.qa.opencart.testcase.HomePageTest@6bcbf05b]" started-at="2023-02-09T17:37:26 MST" name="commonSetUp" finished-at="2023-02-09T17:37:31 MST" duration-ms="5339" status="PASS">
          <params>
            <param index="0">
              <value>
                <![CDATA[chrome]]>
              </value>
            </param>
          </params>
          <reporter-output>
          </reporter-output>
        </test-method> <!-- commonSetUp -->
        <test-method is-config="true" signature="beforeClass()[pri:0, instance:com.qa.opencart.testcase.HomePageTest@6bcbf05b]" started-at="2023-02-09T17:37:31 MST" name="beforeClass" finished-at="2023-02-09T17:37:31 MST" duration-ms="23" status="PASS">
          <reporter-output>
          </reporter-output>
        </test-method> <!-- beforeClass -->
        <test-method is-config="true" signature="beforeMethod()[pri:0, instance:com.qa.opencart.testcase.HomePageTest@6bcbf05b]" started-at="2023-02-09T17:37:31 MST" name="beforeMethod" finished-at="2023-02-09T17:37:31 MST" duration-ms="10" status="PASS">
          <reporter-output>
          </reporter-output>
        </test-method> <!-- beforeMethod -->
        <test-method signature="verifyOpenCartLogoTest()[pri:1, instance:com.qa.opencart.testcase.HomePageTest@6bcbf05b]" started-at="2023-02-09T17:37:31 MST" name="verifyOpenCartLogoTest" description="TC_01_Verifying the opencartLogo" finished-at="2023-02-09T17:37:31 MST" duration-ms="66" status="PASS">
          <reporter-output>
          </reporter-output>
        </test-method> <!-- verifyOpenCartLogoTest -->
        <test-method is-config="true" signature="afterMethod()[pri:0, instance:com.qa.opencart.testcase.HomePageTest@6bcbf05b]" started-at="2023-02-09T17:37:32 MST" name="afterMethod" finished-at="2023-02-09T17:37:32 MST" duration-ms="11" status="PASS">
          <reporter-output>
          </reporter-output>
        </test-method> <!-- afterMethod -->
        <test-method is-config="true" signature="beforeMethod()[pri:0, instance:com.qa.opencart.testcase.HomePageTest@6bcbf05b]" started-at="2023-02-09T17:37:32 MST" name="beforeMethod" finished-at="2023-02-09T17:37:32 MST" duration-ms="5" status="PASS">
          <reporter-output>
          </reporter-output>
        </test-method> <!-- beforeMethod -->
        <test-method signature="verifyOpenCartTitleTest()[pri:2, instance:com.qa.opencart.testcase.HomePageTest@6bcbf05b]" started-at="2023-02-09T17:37:32 MST" name="verifyOpenCartTitleTest" description="TC_02_Verifying the opencart Title" finished-at="2023-02-09T17:37:32 MST" duration-ms="6" status="PASS">
          <reporter-output>
          </reporter-output>
        </test-method> <!-- verifyOpenCartTitleTest -->
        <test-method is-config="true" signature="afterMethod()[pri:0, instance:com.qa.opencart.testcase.HomePageTest@6bcbf05b]" started-at="2023-02-09T17:37:32 MST" name="afterMethod" finished-at="2023-02-09T17:37:32 MST" duration-ms="11" status="PASS">
          <reporter-output>
          </reporter-output>
        </test-method> <!-- afterMethod -->
        <test-method is-config="true" signature="beforeMethod()[pri:0, instance:com.qa.opencart.testcase.HomePageTest@6bcbf05b]" started-at="2023-02-09T17:37:32 MST" name="beforeMethod" finished-at="2023-02-09T17:37:32 MST" duration-ms="10" status="PASS">
          <reporter-output>
          </reporter-output>
        </test-method> <!-- beforeMethod -->
        <test-method signature="navigateRegistrationPageTest()[pri:3, instance:com.qa.opencart.testcase.HomePageTest@6bcbf05b]" started-at="2023-02-09T17:37:32 MST" name="navigateRegistrationPageTest" description="TC_03_navigate to registration page" finished-at="2023-02-09T17:37:37 MST" duration-ms="5240" status="PASS">
          <reporter-output>
          </reporter-output>
        </test-method> <!-- navigateRegistrationPageTest -->
        <test-method is-config="true" signature="afterMethod()[pri:0, instance:com.qa.opencart.testcase.HomePageTest@6bcbf05b]" started-at="2023-02-09T17:37:37 MST" name="afterMethod" finished-at="2023-02-09T17:37:37 MST" duration-ms="18" status="PASS">
          <reporter-output>
          </reporter-output>
        </test-method> <!-- afterMethod -->
        <test-method is-config="true" signature="beforeMethod()[pri:0, instance:com.qa.opencart.testcase.HomePageTest@6bcbf05b]" started-at="2023-02-09T17:37:37 MST" name="beforeMethod" finished-at="2023-02-09T17:37:38 MST" duration-ms="10" status="PASS">
          <reporter-output>
          </reporter-output>
        </test-method> <!-- beforeMethod -->
        <test-method signature="navigateToLoginPageTest()[pri:4, instance:com.qa.opencart.testcase.HomePageTest@6bcbf05b]" started-at="2023-02-09T17:37:38 MST" name="navigateToLoginPageTest" description="TC_04_navigate to Login page" finished-at="2023-02-09T17:37:43 MST" duration-ms="5096" status="PASS">
          <reporter-output>
          </reporter-output>
        </test-method> <!-- navigateToLoginPageTest -->
        <test-method is-config="true" signature="afterMethod()[pri:0, instance:com.qa.opencart.testcase.HomePageTest@6bcbf05b]" started-at="2023-02-09T17:37:43 MST" name="afterMethod" finished-at="2023-02-09T17:37:43 MST" duration-ms="29" status="PASS">
          <reporter-output>
          </reporter-output>
        </test-method> <!-- afterMethod -->
        <test-method is-config="true" signature="commonTearDown()[pri:0, instance:com.qa.opencart.testcase.HomePageTest@6bcbf05b]" started-at="2023-02-09T17:37:43 MST" name="commonTearDown" finished-at="2023-02-09T17:37:43 MST" duration-ms="325" status="PASS">
          <reporter-output>
          </reporter-output>
        </test-method> <!-- commonTearDown -->
      </class> <!-- com.qa.opencart.testcase.HomePageTest -->
      <class name="com.qa.opencart.testcase.MyAccountPageTest">
        <test-method is-config="true" signature="commonSetUp(java.lang.String)[pri:0, instance:com.qa.opencart.testcase.MyAccountPageTest@bdecc21]" started-at="2023-02-09T17:41:53 MST" name="commonSetUp" finished-at="2023-02-09T17:41:56 MST" duration-ms="3458" status="PASS">
          <params>
            <param index="0">
              <value>
                <![CDATA[chrome]]>
              </value>
            </param>
          </params>
          <reporter-output>
          </reporter-output>
        </test-method> <!-- commonSetUp -->
        <test-method is-config="true" signature="beforeClass()[pri:0, instance:com.qa.opencart.testcase.MyAccountPageTest@bdecc21]" started-at="2023-02-09T17:41:56 MST" name="beforeClass" finished-at="2023-02-09T17:42:08 MST" duration-ms="11722" status="PASS">
          <reporter-output>
          </reporter-output>
        </test-method> <!-- beforeClass -->
        <test-method is-config="true" signature="waitSetup()[pri:0, instance:com.qa.opencart.testcase.MyAccountPageTest@bdecc21]" started-at="2023-02-09T17:42:08 MST" name="waitSetup" finished-at="2023-02-09T17:42:08 MST" duration-ms="8" status="PASS">
          <reporter-output>
          </reporter-output>
        </test-method> <!-- waitSetup -->
        <test-method signature="accountPageTitleTest()[pri:1, instance:com.qa.opencart.testcase.MyAccountPageTest@bdecc21]" started-at="2023-02-09T17:42:08 MST" name="accountPageTitleTest" description="my account page title verification" finished-at="2023-02-09T17:42:08 MST" duration-ms="17" status="PASS">
          <reporter-output>
          </reporter-output>
        </test-method> <!-- accountPageTitleTest -->
        <test-method is-config="true" signature="waitSetup()[pri:0, instance:com.qa.opencart.testcase.MyAccountPageTest@bdecc21]" started-at="2023-02-09T17:42:08 MST" name="waitSetup" finished-at="2023-02-09T17:42:08 MST" duration-ms="6" status="PASS">
          <reporter-output>
          </reporter-output>
        </test-method> <!-- waitSetup -->
        <test-method signature="accountPageUrlTest()[pri:2, instance:com.qa.opencart.testcase.MyAccountPageTest@bdecc21]" started-at="2023-02-09T17:42:08 MST" name="accountPageUrlTest" description="my account page url verification" finished-at="2023-02-09T17:42:08 MST" duration-ms="15" status="PASS">
          <reporter-output>
          </reporter-output>
        </test-method> <!-- accountPageUrlTest -->
        <test-method is-config="true" signature="waitSetup()[pri:0, instance:com.qa.opencart.testcase.MyAccountPageTest@bdecc21]" started-at="2023-02-09T17:42:09 MST" name="waitSetup" finished-at="2023-02-09T17:42:09 MST" duration-ms="6" status="PASS">
          <reporter-output>
          </reporter-output>
        </test-method> <!-- waitSetup -->
        <test-method signature="accountPageSearchExistTest()[pri:3, instance:com.qa.opencart.testcase.MyAccountPageTest@bdecc21]" started-at="2023-02-09T17:42:09 MST" name="accountPageSearchExistTest" description="my account page search editbox exists Test" finished-at="2023-02-09T17:42:09 MST" duration-ms="35" status="PASS">
          <reporter-output>
          </reporter-output>
        </test-method> <!-- accountPageSearchExistTest -->
        <test-method is-config="true" signature="waitSetup()[pri:0, instance:com.qa.opencart.testcase.MyAccountPageTest@bdecc21]" started-at="2023-02-09T17:42:09 MST" name="waitSetup" finished-at="2023-02-09T17:42:09 MST" duration-ms="8" status="PASS">
          <reporter-output>
          </reporter-output>
        </test-method> <!-- waitSetup -->
        <test-method signature="accountPageLogoutExistTest()[pri:4, instance:com.qa.opencart.testcase.MyAccountPageTest@bdecc21]" started-at="2023-02-09T17:42:09 MST" name="accountPageLogoutExistTest" description="my account page logout link exists Test" finished-at="2023-02-09T17:42:11 MST" duration-ms="2172" status="PASS">
          <reporter-output>
          </reporter-output>
        </test-method> <!-- accountPageLogoutExistTest -->
        <test-method is-config="true" signature="waitSetup()[pri:0, instance:com.qa.opencart.testcase.MyAccountPageTest@bdecc21]" started-at="2023-02-09T17:42:11 MST" name="waitSetup" finished-at="2023-02-09T17:42:11 MST" duration-ms="6" status="PASS">
          <reporter-output>
          </reporter-output>
        </test-method> <!-- waitSetup -->
        <test-method signature="myAccountMenuOptionTest()[pri:5, instance:com.qa.opencart.testcase.MyAccountPageTest@bdecc21]" started-at="2023-02-09T17:42:11 MST" name="myAccountMenuOptionTest" description="my account menu option list verification" finished-at="2023-02-09T17:42:11 MST" duration-ms="94" status="PASS">
          <reporter-output>
          </reporter-output>
        </test-method> <!-- myAccountMenuOptionTest -->
        <test-method is-config="true" signature="waitSetup()[pri:0, instance:com.qa.opencart.testcase.MyAccountPageTest@bdecc21]" started-at="2023-02-09T17:42:11 MST" name="waitSetup" finished-at="2023-02-09T17:42:11 MST" duration-ms="5" status="PASS">
          <reporter-output>
          </reporter-output>
        </test-method> <!-- waitSetup -->
        <test-method signature="myAccountHeaderTest()[pri:6, instance:com.qa.opencart.testcase.MyAccountPageTest@bdecc21]" started-at="2023-02-09T17:42:11 MST" name="myAccountHeaderTest" description="my account headers list verification" finished-at="2023-02-09T17:42:11 MST" duration-ms="56" status="PASS">
          <reporter-output>
          </reporter-output>
        </test-method> <!-- myAccountHeaderTest -->
        <test-method is-config="true" signature="waitSetup()[pri:0, instance:com.qa.opencart.testcase.MyAccountPageTest@bdecc21]" started-at="2023-02-09T17:42:11 MST" name="waitSetup" finished-at="2023-02-09T17:42:11 MST" duration-ms="4" status="PASS">
          <reporter-output>
          </reporter-output>
        </test-method> <!-- waitSetup -->
        <test-method signature="productSearchTest(java.lang.String)[pri:7, instance:com.qa.opencart.testcase.MyAccountPageTest@bdecc21]" started-at="2023-02-09T17:42:11 MST" name="productSearchTest" description="perform product search from my account page" data-provider="products" finished-at="2023-02-09T17:42:14 MST" duration-ms="2783" status="PASS">
          <params>
            <param index="0">
              <value>
                <![CDATA[MacBook]]>
              </value>
            </param>
          </params>
          <reporter-output>
          </reporter-output>
        </test-method> <!-- productSearchTest -->
        <test-method is-config="true" signature="waitSetup()[pri:0, instance:com.qa.opencart.testcase.MyAccountPageTest@bdecc21]" started-at="2023-02-09T17:42:14 MST" name="waitSetup" finished-at="2023-02-09T17:42:14 MST" duration-ms="11" status="PASS">
          <reporter-output>
          </reporter-output>
        </test-method> <!-- waitSetup -->
        <test-method signature="productSearchTest(java.lang.String)[pri:7, instance:com.qa.opencart.testcase.MyAccountPageTest@bdecc21]" started-at="2023-02-09T17:42:15 MST" name="productSearchTest" description="perform product search from my account page" data-provider="products" finished-at="2023-02-09T17:42:17 MST" duration-ms="2731" status="PASS">
          <params>
            <param index="0">
              <value>
                <![CDATA[iMac]]>
              </value>
            </param>
          </params>
          <reporter-output>
          </reporter-output>
        </test-method> <!-- productSearchTest -->
        <test-method is-config="true" signature="waitSetup()[pri:0, instance:com.qa.opencart.testcase.MyAccountPageTest@bdecc21]" started-at="2023-02-09T17:42:17 MST" name="waitSetup" finished-at="2023-02-09T17:42:17 MST" duration-ms="7" status="PASS">
          <reporter-output>
          </reporter-output>
        </test-method> <!-- waitSetup -->
        <test-method signature="productSearchTest(java.lang.String)[pri:7, instance:com.qa.opencart.testcase.MyAccountPageTest@bdecc21]" started-at="2023-02-09T17:42:17 MST" name="productSearchTest" description="perform product search from my account page" data-provider="products" finished-at="2023-02-09T17:42:20 MST" duration-ms="2796" status="PASS">
          <params>
            <param index="0">
              <value>
                <![CDATA[Samsung]]>
              </value>
            </param>
          </params>
          <reporter-output>
          </reporter-output>
        </test-method> <!-- productSearchTest -->
        <test-method is-config="true" signature="logoutTest()[pri:0, instance:com.qa.opencart.testcase.MyAccountPageTest@bdecc21]" started-at="2023-02-09T17:42:20 MST" name="logoutTest" finished-at="2023-02-09T17:42:28 MST" duration-ms="7292" status="PASS">
          <reporter-output>
          </reporter-output>
        </test-method> <!-- logoutTest -->
        <test-method is-config="true" signature="commonTearDown()[pri:0, instance:com.qa.opencart.testcase.MyAccountPageTest@bdecc21]" started-at="2023-02-09T17:42:28 MST" name="commonTearDown" finished-at="2023-02-09T17:42:28 MST" duration-ms="361" status="PASS">
          <reporter-output>
          </reporter-output>
        </test-method> <!-- commonTearDown -->
      </class> <!-- com.qa.opencart.testcase.MyAccountPageTest -->
      <class name="com.qa.opencart.testcase.LoginPageTest">
        <test-method is-config="true" signature="commonSetUp(java.lang.String)[pri:0, instance:com.qa.opencart.testcase.LoginPageTest@6872f9c8]" started-at="2023-02-09T17:41:22 MST" name="commonSetUp" finished-at="2023-02-09T17:41:26 MST" duration-ms="3543" status="PASS">
          <params>
            <param index="0">
              <value>
                <![CDATA[chrome]]>
              </value>
            </param>
          </params>
          <reporter-output>
          </reporter-output>
        </test-method> <!-- commonSetUp -->
        <test-method is-config="true" signature="beforeClass()[pri:0, instance:com.qa.opencart.testcase.LoginPageTest@6872f9c8]" started-at="2023-02-09T17:41:26 MST" name="beforeClass" finished-at="2023-02-09T17:41:30 MST" duration-ms="4608" status="PASS">
          <reporter-output>
          </reporter-output>
        </test-method> <!-- beforeClass -->
        <test-method is-config="true" signature="waitSetup()[pri:0, instance:com.qa.opencart.testcase.LoginPageTest@6872f9c8]" started-at="2023-02-09T17:41:30 MST" name="waitSetup" finished-at="2023-02-09T17:41:30 MST" duration-ms="8" status="PASS">
          <reporter-output>
          </reporter-output>
        </test-method> <!-- waitSetup -->
        <test-method signature="verifyLoginPageTitleTest()[pri:1, instance:com.qa.opencart.testcase.LoginPageTest@6872f9c8]" started-at="2023-02-09T17:41:30 MST" name="verifyLoginPageTitleTest" description="Asserting login page title" finished-at="2023-02-09T17:41:30 MST" duration-ms="19" status="PASS">
          <reporter-output>
          </reporter-output>
        </test-method> <!-- verifyLoginPageTitleTest -->
        <test-method is-config="true" signature="waitSetup()[pri:0, instance:com.qa.opencart.testcase.LoginPageTest@6872f9c8]" started-at="2023-02-09T17:41:30 MST" name="waitSetup" finished-at="2023-02-09T17:41:30 MST" duration-ms="7" status="PASS">
          <reporter-output>
          </reporter-output>
        </test-method> <!-- waitSetup -->
        <test-method signature="loginPageUrlTest()[pri:2, instance:com.qa.opencart.testcase.LoginPageTest@6872f9c8]" started-at="2023-02-09T17:41:30 MST" name="loginPageUrlTest" description="Asserting login page Url" finished-at="2023-02-09T17:41:30 MST" duration-ms="10" status="PASS">
          <reporter-output>
          </reporter-output>
        </test-method> <!-- loginPageUrlTest -->
        <test-method is-config="true" signature="waitSetup()[pri:0, instance:com.qa.opencart.testcase.LoginPageTest@6872f9c8]" started-at="2023-02-09T17:41:31 MST" name="waitSetup" finished-at="2023-02-09T17:41:31 MST" duration-ms="4" status="PASS">
          <reporter-output>
          </reporter-output>
        </test-method> <!-- waitSetup -->
        <test-method signature="isRegisterAccntTextExistTest()[pri:3, instance:com.qa.opencart.testcase.LoginPageTest@6872f9c8]" started-at="2023-02-09T17:41:31 MST" name="isRegisterAccntTextExistTest" description="isNewCustomerHeaderAvailable" finished-at="2023-02-09T17:41:31 MST" duration-ms="40" status="PASS">
          <reporter-output>
          </reporter-output>
        </test-method> <!-- isRegisterAccntTextExistTest -->
        <test-method is-config="true" signature="waitSetup()[pri:0, instance:com.qa.opencart.testcase.LoginPageTest@6872f9c8]" started-at="2023-02-09T17:41:31 MST" name="waitSetup" finished-at="2023-02-09T17:41:31 MST" duration-ms="6" status="PASS">
          <reporter-output>
          </reporter-output>
        </test-method> <!-- waitSetup -->
        <test-method signature="isNewCustomerHeaderExistTest()[pri:4, instance:com.qa.opencart.testcase.LoginPageTest@6872f9c8]" started-at="2023-02-09T17:41:31 MST" name="isNewCustomerHeaderExistTest" description="isNewCustomerHeaderAvailable" finished-at="2023-02-09T17:41:31 MST" duration-ms="43" status="PASS">
          <reporter-output>
          </reporter-output>
        </test-method> <!-- isNewCustomerHeaderExistTest -->
        <test-method is-config="true" signature="waitSetup()[pri:0, instance:com.qa.opencart.testcase.LoginPageTest@6872f9c8]" started-at="2023-02-09T17:41:31 MST" name="waitSetup" finished-at="2023-02-09T17:41:31 MST" duration-ms="7" status="PASS">
          <reporter-output>
          </reporter-output>
        </test-method> <!-- waitSetup -->
        <test-method signature="isNewCustomerContinueBtnAvailableExistTest()[pri:5, instance:com.qa.opencart.testcase.LoginPageTest@6872f9c8]" started-at="2023-02-09T17:41:31 MST" name="isNewCustomerContinueBtnAvailableExistTest" description="isNewCustomerContinueBtnAvailable" finished-at="2023-02-09T17:41:31 MST" duration-ms="29" status="PASS">
          <reporter-output>
          </reporter-output>
        </test-method> <!-- isNewCustomerContinueBtnAvailableExistTest -->
        <test-method is-config="true" signature="waitSetup()[pri:0, instance:com.qa.opencart.testcase.LoginPageTest@6872f9c8]" started-at="2023-02-09T17:41:31 MST" name="waitSetup" finished-at="2023-02-09T17:41:31 MST" duration-ms="8" status="PASS">
          <reporter-output>
          </reporter-output>
        </test-method> <!-- waitSetup -->
        <test-method signature="isReturningCustomerHeaderExistTest()[pri:6, instance:com.qa.opencart.testcase.LoginPageTest@6872f9c8]" started-at="2023-02-09T17:41:31 MST" name="isReturningCustomerHeaderExistTest" description="isReturningCustomerHeaderAvailable" finished-at="2023-02-09T17:41:31 MST" duration-ms="30" status="PASS">
          <reporter-output>
          </reporter-output>
        </test-method> <!-- isReturningCustomerHeaderExistTest -->
        <test-method is-config="true" signature="waitSetup()[pri:0, instance:com.qa.opencart.testcase.LoginPageTest@6872f9c8]" started-at="2023-02-09T17:41:31 MST" name="waitSetup" finished-at="2023-02-09T17:41:31 MST" duration-ms="6" status="PASS">
          <reporter-output>
          </reporter-output>
        </test-method> <!-- waitSetup -->
        <test-method signature="goToForgotPasswordTest()[pri:7, instance:com.qa.opencart.testcase.LoginPageTest@6872f9c8]" started-at="2023-02-09T17:41:31 MST" name="goToForgotPasswordTest" finished-at="2023-02-09T17:41:35 MST" duration-ms="3319" status="PASS">
          <reporter-output>
          </reporter-output>
        </test-method> <!-- goToForgotPasswordTest -->
        <test-method is-config="true" signature="waitSetup()[pri:0, instance:com.qa.opencart.testcase.LoginPageTest@6872f9c8]" started-at="2023-02-09T17:41:35 MST" name="waitSetup" finished-at="2023-02-09T17:41:35 MST" duration-ms="7" status="PASS">
          <reporter-output>
          </reporter-output>
        </test-method> <!-- waitSetup -->
        <test-method signature="goToRegistrationPageTest()[pri:8, instance:com.qa.opencart.testcase.LoginPageTest@6872f9c8]" started-at="2023-02-09T17:41:35 MST" name="goToRegistrationPageTest" finished-at="2023-02-09T17:41:38 MST" duration-ms="3047" status="PASS">
          <reporter-output>
          </reporter-output>
        </test-method> <!-- goToRegistrationPageTest -->
        <test-method is-config="true" signature="waitSetup()[pri:0, instance:com.qa.opencart.testcase.LoginPageTest@6872f9c8]" started-at="2023-02-09T17:41:38 MST" name="waitSetup" finished-at="2023-02-09T17:41:38 MST" duration-ms="7" status="PASS">
          <reporter-output>
          </reporter-output>
        </test-method> <!-- waitSetup -->
        <test-method signature="loginTest()[pri:9, instance:com.qa.opencart.testcase.LoginPageTest@6872f9c8]" started-at="2023-02-09T17:41:38 MST" name="loginTest" description="login to the open cart page" finished-at="2023-02-09T17:41:45 MST" duration-ms="7123" status="PASS">
          <reporter-output>
          </reporter-output>
        </test-method> <!-- loginTest -->
        <test-method is-config="true" signature="logoutTest()[pri:0, instance:com.qa.opencart.testcase.LoginPageTest@6872f9c8]" started-at="2023-02-09T17:41:45 MST" name="logoutTest" finished-at="2023-02-09T17:41:53 MST" duration-ms="7308" status="PASS">
          <reporter-output>
          </reporter-output>
        </test-method> <!-- logoutTest -->
        <test-method is-config="true" signature="commonTearDown()[pri:0, instance:com.qa.opencart.testcase.LoginPageTest@6872f9c8]" started-at="2023-02-09T17:41:53 MST" name="commonTearDown" finished-at="2023-02-09T17:41:53 MST" duration-ms="378" status="PASS">
          <reporter-output>
          </reporter-output>
        </test-method> <!-- commonTearDown -->
      </class> <!-- com.qa.opencart.testcase.LoginPageTest -->
      <class name="com.qa.opencart.testcase.RegistrationTest">
        <test-method is-config="true" signature="commonSetUp(java.lang.String)[pri:0, instance:com.qa.opencart.testcase.RegistrationTest@f9b5552]" started-at="2023-02-09T17:37:43 MST" name="commonSetUp" finished-at="2023-02-09T17:37:47 MST" duration-ms="3587" status="PASS">
          <params>
            <param index="0">
              <value>
                <![CDATA[chrome]]>
              </value>
            </param>
          </params>
          <reporter-output>
          </reporter-output>
        </test-method> <!-- commonSetUp -->
        <test-method is-config="true" signature="beforeClass()[pri:0, instance:com.qa.opencart.testcase.RegistrationTest@f9b5552]" started-at="2023-02-09T17:37:47 MST" name="beforeClass" finished-at="2023-02-09T17:37:47 MST" duration-ms="13" status="PASS">
          <reporter-output>
          </reporter-output>
        </test-method> <!-- beforeClass -->
        <test-method is-config="true" signature="setupRegData()[pri:0, instance:com.qa.opencart.testcase.RegistrationTest@f9b5552]" started-at="2023-02-09T17:37:47 MST" name="setupRegData" finished-at="2023-02-09T17:37:48 MST" duration-ms="1384" status="PASS">
          <reporter-output>
          </reporter-output>
        </test-method> <!-- setupRegData -->
        <test-method is-config="true" signature="preCondition()[pri:0, instance:com.qa.opencart.testcase.RegistrationTest@f9b5552]" started-at="2023-02-09T17:37:50 MST" name="preCondition" finished-at="2023-02-09T17:37:55 MST" duration-ms="5011" status="PASS">
          <reporter-output>
          </reporter-output>
        </test-method> <!-- preCondition -->
        <test-method signature="registrationDataDrivenTest(java.lang.String,java.lang.String,java.lang.String,java.lang.String,java.lang.String)[pri:0, instance:com.qa.opencart.testcase.RegistrationTest@f9b5552]" started-at="2023-02-09T17:37:55 MST" name="registrationDataDrivenTest" data-provider="regTestData" finished-at="2023-02-09T17:38:36 MST" duration-ms="41322" status="PASS">
          <params>
            <param index="0">
              <value>
                <![CDATA[Vandana]]>
              </value>
            </param>
            <param index="1">
              <value>
                <![CDATA[senthil]]>
              </value>
            </param>
            <param index="2">
              <value>
                <![CDATA[3146069849]]>
              </value>
            </param>
            <param index="3">
              <value>
                <![CDATA[vandana@123]]>
              </value>
            </param>
            <param index="4">
              <value>
                <![CDATA[yes]]>
              </value>
            </param>
          </params>
          <reporter-output>
          </reporter-output>
        </test-method> <!-- registrationDataDrivenTest -->
        <test-method is-config="true" signature="tearDown()[pri:0, instance:com.qa.opencart.testcase.RegistrationTest@f9b5552]" started-at="2023-02-09T17:38:36 MST" name="tearDown" finished-at="2023-02-09T17:38:43 MST" duration-ms="7358" status="PASS">
          <reporter-output>
          </reporter-output>
        </test-method> <!-- tearDown -->
        <test-method is-config="true" signature="preCondition()[pri:0, instance:com.qa.opencart.testcase.RegistrationTest@f9b5552]" started-at="2023-02-09T17:38:43 MST" name="preCondition" finished-at="2023-02-09T17:38:48 MST" duration-ms="4721" status="PASS">
          <reporter-output>
          </reporter-output>
        </test-method> <!-- preCondition -->
        <test-method signature="registrationDataDrivenTest(java.lang.String,java.lang.String,java.lang.String,java.lang.String,java.lang.String)[pri:0, instance:com.qa.opencart.testcase.RegistrationTest@f9b5552]" started-at="2023-02-09T17:38:48 MST" name="registrationDataDrivenTest" data-provider="regTestData" finished-at="2023-02-09T17:39:29 MST" duration-ms="40587" status="PASS">
          <params>
            <param index="0">
              <value>
                <![CDATA[sreedevi]]>
              </value>
            </param>
            <param index="1">
              <value>
                <![CDATA[Doolla]]>
              </value>
            </param>
            <param index="2">
              <value>
                <![CDATA[9980193573]]>
              </value>
            </param>
            <param index="3">
              <value>
                <![CDATA[sridevi@123]]>
              </value>
            </param>
            <param index="4">
              <value>
                <![CDATA[no]]>
              </value>
            </param>
          </params>
          <reporter-output>
          </reporter-output>
        </test-method> <!-- registrationDataDrivenTest -->
        <test-method is-config="true" signature="tearDown()[pri:0, instance:com.qa.opencart.testcase.RegistrationTest@f9b5552]" started-at="2023-02-09T17:39:29 MST" name="tearDown" finished-at="2023-02-09T17:39:36 MST" duration-ms="7361" status="PASS">
          <reporter-output>
          </reporter-output>
        </test-method> <!-- tearDown -->
        <test-method is-config="true" signature="preCondition()[pri:0, instance:com.qa.opencart.testcase.RegistrationTest@f9b5552]" started-at="2023-02-09T17:39:36 MST" name="preCondition" finished-at="2023-02-09T17:39:41 MST" duration-ms="4672" status="PASS">
          <reporter-output>
          </reporter-output>
        </test-method> <!-- preCondition -->
        <test-method signature="registrationDataDrivenTest(java.lang.String,java.lang.String,java.lang.String,java.lang.String,java.lang.String)[pri:0, instance:com.qa.opencart.testcase.RegistrationTest@f9b5552]" started-at="2023-02-09T17:39:41 MST" name="registrationDataDrivenTest" data-provider="regTestData" finished-at="2023-02-09T17:40:21 MST" duration-ms="40558" status="PASS">
          <params>
            <param index="0">
              <value>
                <![CDATA[harshini]]>
              </value>
            </param>
            <param index="1">
              <value>
                <![CDATA[ch]]>
              </value>
            </param>
            <param index="2">
              <value>
                <![CDATA[6303236395]]>
              </value>
            </param>
            <param index="3">
              <value>
                <![CDATA[harshini@123]]>
              </value>
            </param>
            <param index="4">
              <value>
                <![CDATA[yes]]>
              </value>
            </param>
          </params>
          <reporter-output>
          </reporter-output>
        </test-method> <!-- registrationDataDrivenTest -->
        <test-method is-config="true" signature="tearDown()[pri:0, instance:com.qa.opencart.testcase.RegistrationTest@f9b5552]" started-at="2023-02-09T17:40:22 MST" name="tearDown" finished-at="2023-02-09T17:40:29 MST" duration-ms="7314" status="PASS">
          <reporter-output>
          </reporter-output>
        </test-method> <!-- tearDown -->
        <test-method is-config="true" signature="preCondition()[pri:0, instance:com.qa.opencart.testcase.RegistrationTest@f9b5552]" started-at="2023-02-09T17:40:29 MST" name="preCondition" finished-at="2023-02-09T17:40:34 MST" duration-ms="4707" status="PASS">
          <reporter-output>
          </reporter-output>
        </test-method> <!-- preCondition -->
        <test-method signature="registrationTest()[pri:0, instance:com.qa.opencart.testcase.RegistrationTest@f9b5552]" started-at="2023-02-09T17:40:34 MST" name="registrationTest" finished-at="2023-02-09T17:41:14 MST" duration-ms="40488" status="PASS">
          <reporter-output>
          </reporter-output>
        </test-method> <!-- registrationTest -->
        <test-method is-config="true" signature="tearDown()[pri:0, instance:com.qa.opencart.testcase.RegistrationTest@f9b5552]" started-at="2023-02-09T17:41:14 MST" name="tearDown" finished-at="2023-02-09T17:41:22 MST" duration-ms="7284" status="PASS">
          <reporter-output>
          </reporter-output>
        </test-method> <!-- tearDown -->
        <test-method is-config="true" signature="commonTearDown()[pri:0, instance:com.qa.opencart.testcase.RegistrationTest@f9b5552]" started-at="2023-02-09T17:41:22 MST" name="commonTearDown" finished-at="2023-02-09T17:41:22 MST" duration-ms="427" status="PASS">
          <reporter-output>
          </reporter-output>
        </test-method> <!-- commonTearDown -->
      </class> <!-- com.qa.opencart.testcase.RegistrationTest -->
      <class name="com.qa.opencart.testcase.ProductDetailsPageTest">
        <test-method is-config="true" signature="commonSetUp(java.lang.String)[pri:0, instance:com.qa.opencart.testcase.ProductDetailsPageTest@5e3a39cd]" started-at="2023-02-09T17:42:28 MST" name="commonSetUp" finished-at="2023-02-09T17:42:32 MST" duration-ms="3769" status="PASS">
          <params>
            <param index="0">
              <value>
                <![CDATA[chrome]]>
              </value>
            </param>
          </params>
          <reporter-output>
          </reporter-output>
        </test-method> <!-- commonSetUp -->
        <test-method is-config="true" signature="beforeClass()[pri:0, instance:com.qa.opencart.testcase.ProductDetailsPageTest@5e3a39cd]" started-at="2023-02-09T17:42:32 MST" name="beforeClass" finished-at="2023-02-09T17:42:43 MST" duration-ms="11678" status="PASS">
          <reporter-output>
          </reporter-output>
        </test-method> <!-- beforeClass -->
        <test-method is-config="true" signature="waitSetup()[pri:0, instance:com.qa.opencart.testcase.ProductDetailsPageTest@5e3a39cd]" started-at="2023-02-09T17:42:43 MST" name="waitSetup" finished-at="2023-02-09T17:42:43 MST" duration-ms="9" status="PASS">
          <reporter-output>
          </reporter-output>
        </test-method> <!-- waitSetup -->
        <test-method signature="productHeaderTest(java.lang.String,java.lang.String)[pri:0, instance:com.qa.opencart.testcase.ProductDetailsPageTest@5e3a39cd]" started-at="2023-02-09T17:42:44 MST" name="productHeaderTest" data-provider="getProductTestData" finished-at="2023-02-09T17:42:48 MST" duration-ms="4497" status="PASS">
          <params>
            <param index="0">
              <value>
                <![CDATA[Macbook]]>
              </value>
            </param>
            <param index="1">
              <value>
                <![CDATA[MacBook Pro]]>
              </value>
            </param>
          </params>
          <reporter-output>
          </reporter-output>
        </test-method> <!-- productHeaderTest -->
        <test-method is-config="true" signature="waitSetup()[pri:0, instance:com.qa.opencart.testcase.ProductDetailsPageTest@5e3a39cd]" started-at="2023-02-09T17:42:48 MST" name="waitSetup" finished-at="2023-02-09T17:42:48 MST" duration-ms="4" status="PASS">
          <reporter-output>
          </reporter-output>
        </test-method> <!-- waitSetup -->
        <test-method signature="productHeaderTest(java.lang.String,java.lang.String)[pri:0, instance:com.qa.opencart.testcase.ProductDetailsPageTest@5e3a39cd]" started-at="2023-02-09T17:42:48 MST" name="productHeaderTest" data-provider="getProductTestData" finished-at="2023-02-09T17:42:52 MST" duration-ms="3460" status="PASS">
          <params>
            <param index="0">
              <value>
                <![CDATA[Macbook]]>
              </value>
            </param>
            <param index="1">
              <value>
                <![CDATA[MacBook Air]]>
              </value>
            </param>
          </params>
          <reporter-output>
          </reporter-output>
        </test-method> <!-- productHeaderTest -->
        <test-method is-config="true" signature="waitSetup()[pri:0, instance:com.qa.opencart.testcase.ProductDetailsPageTest@5e3a39cd]" started-at="2023-02-09T17:42:52 MST" name="waitSetup" finished-at="2023-02-09T17:42:52 MST" duration-ms="8" status="PASS">
          <reporter-output>
          </reporter-output>
        </test-method> <!-- waitSetup -->
        <test-method signature="productHeaderTest(java.lang.String,java.lang.String)[pri:0, instance:com.qa.opencart.testcase.ProductDetailsPageTest@5e3a39cd]" started-at="2023-02-09T17:42:52 MST" name="productHeaderTest" data-provider="getProductTestData" finished-at="2023-02-09T17:42:55 MST" duration-ms="3553" status="PASS">
          <params>
            <param index="0">
              <value>
                <![CDATA[iMac]]>
              </value>
            </param>
            <param index="1">
              <value>
                <![CDATA[iMac]]>
              </value>
            </param>
          </params>
          <reporter-output>
          </reporter-output>
        </test-method> <!-- productHeaderTest -->
        <test-method is-config="true" signature="waitSetup()[pri:0, instance:com.qa.opencart.testcase.ProductDetailsPageTest@5e3a39cd]" started-at="2023-02-09T17:42:56 MST" name="waitSetup" finished-at="2023-02-09T17:42:56 MST" duration-ms="6" status="PASS">
          <reporter-output>
          </reporter-output>
        </test-method> <!-- waitSetup -->
        <test-method signature="productHeaderTest(java.lang.String,java.lang.String)[pri:0, instance:com.qa.opencart.testcase.ProductDetailsPageTest@5e3a39cd]" started-at="2023-02-09T17:42:56 MST" name="productHeaderTest" data-provider="getProductTestData" finished-at="2023-02-09T17:42:59 MST" duration-ms="3465" status="PASS">
          <params>
            <param index="0">
              <value>
                <![CDATA[Samsung]]>
              </value>
            </param>
            <param index="1">
              <value>
                <![CDATA[Samsung SyncMaster 941BW]]>
              </value>
            </param>
          </params>
          <reporter-output>
          </reporter-output>
        </test-method> <!-- productHeaderTest -->
        <test-method is-config="true" signature="waitSetup()[pri:0, instance:com.qa.opencart.testcase.ProductDetailsPageTest@5e3a39cd]" started-at="2023-02-09T17:42:59 MST" name="waitSetup" finished-at="2023-02-09T17:42:59 MST" duration-ms="6" status="PASS">
          <reporter-output>
          </reporter-output>
        </test-method> <!-- waitSetup -->
        <test-method signature="productHeaderTest(java.lang.String,java.lang.String)[pri:0, instance:com.qa.opencart.testcase.ProductDetailsPageTest@5e3a39cd]" started-at="2023-02-09T17:42:59 MST" name="productHeaderTest" data-provider="getProductTestData" finished-at="2023-02-09T17:43:03 MST" duration-ms="3572" status="PASS">
          <params>
            <param index="0">
              <value>
                <![CDATA[Apple]]>
              </value>
            </param>
            <param index="1">
              <value>
                <![CDATA[Apple Cinema 30"]]>
              </value>
            </param>
          </params>
          <reporter-output>
          </reporter-output>
        </test-method> <!-- productHeaderTest -->
        <test-method is-config="true" signature="waitSetup()[pri:0, instance:com.qa.opencart.testcase.ProductDetailsPageTest@5e3a39cd]" started-at="2023-02-09T17:43:03 MST" name="waitSetup" finished-at="2023-02-09T17:43:03 MST" duration-ms="12" status="PASS">
          <reporter-output>
          </reporter-output>
        </test-method> <!-- waitSetup -->
        <test-method signature="productImagesTest(java.lang.String,java.lang.String,int)[pri:0, instance:com.qa.opencart.testcase.ProductDetailsPageTest@5e3a39cd]" started-at="2023-02-09T17:43:03 MST" name="productImagesTest" data-provider="getProductImagesTestData" finished-at="2023-02-09T17:43:06 MST" duration-ms="3297" status="PASS">
          <params>
            <param index="0">
              <value>
                <![CDATA[Macbook]]>
              </value>
            </param>
            <param index="1">
              <value>
                <![CDATA[MacBook Pro]]>
              </value>
            </param>
            <param index="2">
              <value>
                <![CDATA[4]]>
              </value>
            </param>
          </params>
          <reporter-output>
          </reporter-output>
        </test-method> <!-- productImagesTest -->
        <test-method is-config="true" signature="waitSetup()[pri:0, instance:com.qa.opencart.testcase.ProductDetailsPageTest@5e3a39cd]" started-at="2023-02-09T17:43:06 MST" name="waitSetup" finished-at="2023-02-09T17:43:07 MST" duration-ms="9" status="PASS">
          <reporter-output>
          </reporter-output>
        </test-method> <!-- waitSetup -->
        <test-method signature="productImagesTest(java.lang.String,java.lang.String,int)[pri:0, instance:com.qa.opencart.testcase.ProductDetailsPageTest@5e3a39cd]" started-at="2023-02-09T17:43:07 MST" name="productImagesTest" data-provider="getProductImagesTestData" finished-at="2023-02-09T17:43:10 MST" duration-ms="3241" status="PASS">
          <params>
            <param index="0">
              <value>
                <![CDATA[Macbook]]>
              </value>
            </param>
            <param index="1">
              <value>
                <![CDATA[MacBook Air]]>
              </value>
            </param>
            <param index="2">
              <value>
                <![CDATA[4]]>
              </value>
            </param>
          </params>
          <reporter-output>
          </reporter-output>
        </test-method> <!-- productImagesTest -->
        <test-method is-config="true" signature="waitSetup()[pri:0, instance:com.qa.opencart.testcase.ProductDetailsPageTest@5e3a39cd]" started-at="2023-02-09T17:43:10 MST" name="waitSetup" finished-at="2023-02-09T17:43:10 MST" duration-ms="6" status="PASS">
          <reporter-output>
          </reporter-output>
        </test-method> <!-- waitSetup -->
        <test-method signature="productImagesTest(java.lang.String,java.lang.String,int)[pri:0, instance:com.qa.opencart.testcase.ProductDetailsPageTest@5e3a39cd]" started-at="2023-02-09T17:43:10 MST" name="productImagesTest" data-provider="getProductImagesTestData" finished-at="2023-02-09T17:43:13 MST" duration-ms="3256" status="PASS">
          <params>
            <param index="0">
              <value>
                <![CDATA[iMac]]>
              </value>
            </param>
            <param index="1">
              <value>
                <![CDATA[iMac]]>
              </value>
            </param>
            <param index="2">
              <value>
                <![CDATA[3]]>
              </value>
            </param>
          </params>
          <reporter-output>
          </reporter-output>
        </test-method> <!-- productImagesTest -->
        <test-method is-config="true" signature="waitSetup()[pri:0, instance:com.qa.opencart.testcase.ProductDetailsPageTest@5e3a39cd]" started-at="2023-02-09T17:43:13 MST" name="waitSetup" finished-at="2023-02-09T17:43:13 MST" duration-ms="5" status="PASS">
          <reporter-output>
          </reporter-output>
        </test-method> <!-- waitSetup -->
        <test-method signature="productImagesTest(java.lang.String,java.lang.String,int)[pri:0, instance:com.qa.opencart.testcase.ProductDetailsPageTest@5e3a39cd]" started-at="2023-02-09T17:43:13 MST" name="productImagesTest" data-provider="getProductImagesTestData" finished-at="2023-02-09T17:43:17 MST" duration-ms="3223" status="PASS">
          <params>
            <param index="0">
              <value>
                <![CDATA[Samsung]]>
              </value>
            </param>
            <param index="1">
              <value>
                <![CDATA[Samsung SyncMaster 941BW]]>
              </value>
            </param>
            <param index="2">
              <value>
                <![CDATA[1]]>
              </value>
            </param>
          </params>
          <reporter-output>
          </reporter-output>
        </test-method> <!-- productImagesTest -->
        <test-method is-config="true" signature="waitSetup()[pri:0, instance:com.qa.opencart.testcase.ProductDetailsPageTest@5e3a39cd]" started-at="2023-02-09T17:43:17 MST" name="waitSetup" finished-at="2023-02-09T17:43:17 MST" duration-ms="8" status="PASS">
          <reporter-output>
          </reporter-output>
        </test-method> <!-- waitSetup -->
        <test-method signature="productImagesTest(java.lang.String,java.lang.String,int)[pri:0, instance:com.qa.opencart.testcase.ProductDetailsPageTest@5e3a39cd]" started-at="2023-02-09T17:43:17 MST" name="productImagesTest" data-provider="getProductImagesTestData" finished-at="2023-02-09T17:43:20 MST" duration-ms="3233" status="PASS">
          <params>
            <param index="0">
              <value>
                <![CDATA[Apple]]>
              </value>
            </param>
            <param index="1">
              <value>
                <![CDATA[Apple Cinema 30"]]>
              </value>
            </param>
            <param index="2">
              <value>
                <![CDATA[6]]>
              </value>
            </param>
          </params>
          <reporter-output>
          </reporter-output>
        </test-method> <!-- productImagesTest -->
        <test-method is-config="true" signature="waitSetup()[pri:0, instance:com.qa.opencart.testcase.ProductDetailsPageTest@5e3a39cd]" started-at="2023-02-09T17:43:20 MST" name="waitSetup" finished-at="2023-02-09T17:43:20 MST" duration-ms="7" status="PASS">
          <reporter-output>
          </reporter-output>
        </test-method> <!-- waitSetup -->
        <test-method signature="productMetaDataTest()[pri:0, instance:com.qa.opencart.testcase.ProductDetailsPageTest@5e3a39cd]" started-at="2023-02-09T17:43:20 MST" name="productMetaDataTest" finished-at="2023-02-09T17:43:24 MST" duration-ms="3537" status="PASS">
          <reporter-output>
          </reporter-output>
        </test-method> <!-- productMetaDataTest -->
        <test-method is-config="true" signature="afterClass()[pri:0, instance:com.qa.opencart.testcase.ProductDetailsPageTest@5e3a39cd]" started-at="2023-02-09T17:43:24 MST" name="afterClass" finished-at="2023-02-09T17:43:31 MST" duration-ms="7328" status="PASS">
          <reporter-output>
          </reporter-output>
        </test-method> <!-- afterClass -->
        <test-method is-config="true" signature="commonTearDown()[pri:0, instance:com.qa.opencart.testcase.ProductDetailsPageTest@5e3a39cd]" started-at="2023-02-09T17:43:31 MST" name="commonTearDown" finished-at="2023-02-09T17:43:32 MST" duration-ms="381" status="PASS">
          <reporter-output>
          </reporter-output>
        </test-method> <!-- commonTearDown -->
      </class> <!-- com.qa.opencart.testcase.ProductDetailsPageTest -->
    </test> <!-- OpencartTest -->
  </suite> <!-- OpencartSuite -->
</testng-results>
