<?xml version="1.0" encoding="UTF-8"?>
<testng-results ignored="6" total="9" passed="3" failed="0" skipped="0">
  <reporter-output>
  </reporter-output>
  <suite started-at="2023-02-07T18:31:22 MST" name="Failed suite [OpencartSuite]" finished-at="2023-02-07T18:31:56 MST" duration-ms="33742">
    <groups>
    </groups>
    <test started-at="2023-02-07T18:31:22 MST" name="OpencartTest(failed)" finished-at="2023-02-07T18:31:56 MST" duration-ms="33742">
      <class name="com.qa.opencart.testcase.MyAccountPageTest">
        <test-method is-config="true" signature="commonSetUp(java.lang.String)[pri:0, instance:com.qa.opencart.testcase.MyAccountPageTest@5467eea4]" started-at="2023-02-07T18:31:22 MST" name="commonSetUp" finished-at="2023-02-07T18:31:28 MST" duration-ms="5238" status="PASS">
          <params>
            <param index="0">
              <value>
                <![CDATA[chrome]]>
              </value>
            </param>
          </params>
          <reporter-output>
          </reporter-output>
        </test-method> <!-- commonSetUp -->
        <test-method is-config="true" signature="beforeClass()[pri:0, instance:com.qa.opencart.testcase.MyAccountPageTest@5467eea4]" started-at="2023-02-07T18:31:28 MST" name="beforeClass" finished-at="2023-02-07T18:31:39 MST" duration-ms="11723" status="PASS">
          <reporter-output>
          </reporter-output>
        </test-method> <!-- beforeClass -->
        <test-method is-config="true" signature="waitSetup()[pri:0, instance:com.qa.opencart.testcase.MyAccountPageTest@5467eea4]" started-at="2023-02-07T18:31:39 MST" name="waitSetup" finished-at="2023-02-07T18:31:39 MST" duration-ms="11" status="PASS">
          <reporter-output>
          </reporter-output>
        </test-method> <!-- waitSetup -->
        <test-method signature="productSearchTest(java.lang.String)[pri:7, instance:com.qa.opencart.testcase.MyAccountPageTest@5467eea4]" started-at="2023-02-07T18:31:39 MST" name="productSearchTest" description="perform product search from my account page" data-provider="products" finished-at="2023-02-07T18:31:42 MST" duration-ms="2857" status="PASS">
          <params>
            <param index="0">
              <value>
                <![CDATA[MacBook]]>
              </value>
            </param>
          </params>
          <reporter-output>
          </reporter-output>
        </test-method> <!-- productSearchTest -->
        <test-method is-config="true" signature="waitSetup()[pri:0, instance:com.qa.opencart.testcase.MyAccountPageTest@5467eea4]" started-at="2023-02-07T18:31:43 MST" name="waitSetup" finished-at="2023-02-07T18:31:43 MST" duration-ms="6" status="PASS">
          <reporter-output>
          </reporter-output>
        </test-method> <!-- waitSetup -->
        <test-method signature="productSearchTest(java.lang.String)[pri:7, instance:com.qa.opencart.testcase.MyAccountPageTest@5467eea4]" started-at="2023-02-07T18:31:43 MST" name="productSearchTest" description="perform product search from my account page" data-provider="products" finished-at="2023-02-07T18:31:45 MST" duration-ms="2740" status="PASS">
          <params>
            <param index="0">
              <value>
                <![CDATA[iMac]]>
              </value>
            </param>
          </params>
          <reporter-output>
          </reporter-output>
        </test-method> <!-- productSearchTest -->
        <test-method is-config="true" signature="waitSetup()[pri:0, instance:com.qa.opencart.testcase.MyAccountPageTest@5467eea4]" started-at="2023-02-07T18:31:45 MST" name="waitSetup" finished-at="2023-02-07T18:31:45 MST" duration-ms="5" status="PASS">
          <reporter-output>
          </reporter-output>
        </test-method> <!-- waitSetup -->
        <test-method signature="productSearchTest(java.lang.String)[pri:7, instance:com.qa.opencart.testcase.MyAccountPageTest@5467eea4]" started-at="2023-02-07T18:31:45 MST" name="productSearchTest" description="perform product search from my account page" data-provider="products" finished-at="2023-02-07T18:31:48 MST" duration-ms="2744" status="PASS">
          <params>
            <param index="0">
              <value>
                <![CDATA[Samsung]]>
              </value>
            </param>
          </params>
          <reporter-output>
          </reporter-output>
        </test-method> <!-- productSearchTest -->
        <test-method is-config="true" signature="logoutTest()[pri:0, instance:com.qa.opencart.testcase.MyAccountPageTest@5467eea4]" started-at="2023-02-07T18:31:48 MST" name="logoutTest" finished-at="2023-02-07T18:31:56 MST" duration-ms="7330" status="PASS">
          <reporter-output>
          </reporter-output>
        </test-method> <!-- logoutTest -->
        <test-method is-config="true" signature="commonTearDown()[pri:0, instance:com.qa.opencart.testcase.MyAccountPageTest@5467eea4]" started-at="2023-02-07T18:31:56 MST" name="commonTearDown" finished-at="2023-02-07T18:31:56 MST" duration-ms="426" status="PASS">
          <reporter-output>
          </reporter-output>
        </test-method> <!-- commonTearDown -->
      </class> <!-- com.qa.opencart.testcase.MyAccountPageTest -->
    </test> <!-- OpencartTest(failed) -->
  </suite> <!-- Failed suite [OpencartSuite] -->
</testng-results>
